Determining if the pthread_create exist failed with the following output:
Change Dir: /home/minidrone/repos/optiTrackDrone/ardupilot_gazebo/build/CMakeFiles/CMakeTmp

Run Build Command:"/usr/bin/make" "cmTC_0102c/fast"
/usr/bin/make -f CMakeFiles/cmTC_0102c.dir/build.make CMakeFiles/cmTC_0102c.dir/build
make[1]: Entering directory '/home/minidrone/repos/optiTrackDrone/ardupilot_gazebo/build/CMakeFiles/CMakeTmp'
Building C object CMakeFiles/cmTC_0102c.dir/CheckSymbolExists.c.o
/usr/lib/ccache/cc    -o CMakeFiles/cmTC_0102c.dir/CheckSymbolExists.c.o   -c /home/minidrone/repos/optiTrackDrone/ardupilot_gazebo/build/CMakeFiles/CMakeTmp/CheckSymbolExists.c
Linking C executable cmTC_0102c
/usr/bin/cmake -E cmake_link_script CMakeFiles/cmTC_0102c.dir/link.txt --verbose=1
/usr/lib/ccache/cc      -rdynamic CMakeFiles/cmTC_0102c.dir/CheckSymbolExists.c.o  -o cmTC_0102c 
CMakeFiles/cmTC_0102c.dir/CheckSymbolExists.c.o: In function `main':
CheckSymbolExists.c:(.text+0x1b): undefined reference to `pthread_create'
collect2: error: ld returned 1 exit status
CMakeFiles/cmTC_0102c.dir/build.make:97: recipe for target 'cmTC_0102c' failed
make[1]: *** [cmTC_0102c] Error 1
make[1]: Leaving directory '/home/minidrone/repos/optiTrackDrone/ardupilot_gazebo/build/CMakeFiles/CMakeTmp'
Makefile:126: recipe for target 'cmTC_0102c/fast' failed
make: *** [cmTC_0102c/fast] Error 2

File /home/minidrone/repos/optiTrackDrone/ardupilot_gazebo/build/CMakeFiles/CMakeTmp/CheckSymbolExists.c:
/* */
#include <pthread.h>

int main(int argc, char** argv)
{
  (void)argv;
#ifndef pthread_create
  return ((int*)(&pthread_create))[argc];
#else
  (void)argc;
  return 0;
#endif
}

Determining if the function pthread_create exists in the pthreads failed with the following output:
Change Dir: /home/minidrone/repos/optiTrackDrone/ardupilot_gazebo/build/CMakeFiles/CMakeTmp

Run Build Command:"/usr/bin/make" "cmTC_bf7fb/fast"
/usr/bin/make -f CMakeFiles/cmTC_bf7fb.dir/build.make CMakeFiles/cmTC_bf7fb.dir/build
make[1]: Entering directory '/home/minidrone/repos/optiTrackDrone/ardupilot_gazebo/build/CMakeFiles/CMakeTmp'
Building C object CMakeFiles/cmTC_bf7fb.dir/CheckFunctionExists.c.o
/usr/lib/ccache/cc   -DCHECK_FUNCTION_EXISTS=pthread_create   -o CMakeFiles/cmTC_bf7fb.dir/CheckFunctionExists.c.o   -c /usr/share/cmake-3.10/Modules/CheckFunctionExists.c
Linking C executable cmTC_bf7fb
/usr/bin/cmake -E cmake_link_script CMakeFiles/cmTC_bf7fb.dir/link.txt --verbose=1
/usr/lib/ccache/cc  -DCHECK_FUNCTION_EXISTS=pthread_create    -rdynamic CMakeFiles/cmTC_bf7fb.dir/CheckFunctionExists.c.o  -o cmTC_bf7fb -lpthreads 
/usr/bin/ld: cannot find -lpthreads
collect2: error: ld returned 1 exit status
CMakeFiles/cmTC_bf7fb.dir/build.make:97: recipe for target 'cmTC_bf7fb' failed
make[1]: *** [cmTC_bf7fb] Error 1
make[1]: Leaving directory '/home/minidrone/repos/optiTrackDrone/ardupilot_gazebo/build/CMakeFiles/CMakeTmp'
Makefile:126: recipe for target 'cmTC_bf7fb/fast' failed
make: *** [cmTC_bf7fb/fast] Error 2


