Determining if the pthread_create exist failed with the following output:
Change Dir: /home/minidrone/repos/optiTrackDrone/mav-ws/build/python_natnet/CMakeFiles/CMakeTmp

Run Build Command:"/usr/bin/make" "cmTC_a8967/fast"
/usr/bin/make -f CMakeFiles/cmTC_a8967.dir/build.make CMakeFiles/cmTC_a8967.dir/build
make[1]: Entering directory '/home/minidrone/repos/optiTrackDrone/mav-ws/build/python_natnet/CMakeFiles/CMakeTmp'
Building C object CMakeFiles/cmTC_a8967.dir/CheckSymbolExists.c.o
/usr/bin/cc    -o CMakeFiles/cmTC_a8967.dir/CheckSymbolExists.c.o   -c /home/minidrone/repos/optiTrackDrone/mav-ws/build/python_natnet/CMakeFiles/CMakeTmp/CheckSymbolExists.c
Linking C executable cmTC_a8967
/usr/bin/cmake -E cmake_link_script CMakeFiles/cmTC_a8967.dir/link.txt --verbose=1
/usr/bin/cc      -rdynamic CMakeFiles/cmTC_a8967.dir/CheckSymbolExists.c.o  -o cmTC_a8967 
CMakeFiles/cmTC_a8967.dir/CheckSymbolExists.c.o: In function `main':
CheckSymbolExists.c:(.text+0x14): undefined reference to `pthread_create'
CheckSymbolExists.c:(.text+0x18): undefined reference to `pthread_create'
collect2: error: ld returned 1 exit status
CMakeFiles/cmTC_a8967.dir/build.make:97: recipe for target 'cmTC_a8967' failed
make[1]: *** [cmTC_a8967] Error 1
make[1]: Leaving directory '/home/minidrone/repos/optiTrackDrone/mav-ws/build/python_natnet/CMakeFiles/CMakeTmp'
Makefile:126: recipe for target 'cmTC_a8967/fast' failed
make: *** [cmTC_a8967/fast] Error 2

File /home/minidrone/repos/optiTrackDrone/mav-ws/build/python_natnet/CMakeFiles/CMakeTmp/CheckSymbolExists.c:
/* */
#include <pthread.h>

int main(int argc, char** argv)
{
  (void)argv;
#ifndef pthread_create
  return ((int*)(&pthread_create))[argc];
#else
  (void)argc;
  return 0;
#endif
}

Determining if the function pthread_create exists in the pthreads failed with the following output:
Change Dir: /home/minidrone/repos/optiTrackDrone/mav-ws/build/python_natnet/CMakeFiles/CMakeTmp

Run Build Command:"/usr/bin/make" "cmTC_e1d5e/fast"
/usr/bin/make -f CMakeFiles/cmTC_e1d5e.dir/build.make CMakeFiles/cmTC_e1d5e.dir/build
make[1]: Entering directory '/home/minidrone/repos/optiTrackDrone/mav-ws/build/python_natnet/CMakeFiles/CMakeTmp'
Building C object CMakeFiles/cmTC_e1d5e.dir/CheckFunctionExists.c.o
/usr/bin/cc   -DCHECK_FUNCTION_EXISTS=pthread_create   -o CMakeFiles/cmTC_e1d5e.dir/CheckFunctionExists.c.o   -c /usr/share/cmake-3.10/Modules/CheckFunctionExists.c
Linking C executable cmTC_e1d5e
/usr/bin/cmake -E cmake_link_script CMakeFiles/cmTC_e1d5e.dir/link.txt --verbose=1
/usr/bin/cc  -DCHECK_FUNCTION_EXISTS=pthread_create    -rdynamic CMakeFiles/cmTC_e1d5e.dir/CheckFunctionExists.c.o  -o cmTC_e1d5e -lpthreads 
/usr/bin/ld: cannot find -lpthreads
collect2: error: ld returned 1 exit status
CMakeFiles/cmTC_e1d5e.dir/build.make:97: recipe for target 'cmTC_e1d5e' failed
make[1]: *** [cmTC_e1d5e] Error 1
make[1]: Leaving directory '/home/minidrone/repos/optiTrackDrone/mav-ws/build/python_natnet/CMakeFiles/CMakeTmp'
Makefile:126: recipe for target 'cmTC_e1d5e/fast' failed
make: *** [cmTC_e1d5e/fast] Error 2


