[35m[1mScanning dependencies of target _natnet_msgs_generate_messages_check_deps_MarkerList[0m
[  0%] Built target _natnet_msgs_generate_messages_check_deps_MarkerList
[35m[1mScanning dependencies of target geometry_msgs_generate_messages_eus[0m
[  0%] Built target geometry_msgs_generate_messages_eus
[35m[1mScanning dependencies of target geometry_msgs_generate_messages_py[0m
[  0%] Built target geometry_msgs_generate_messages_py
[35m[1mScanning dependencies of target geometry_msgs_generate_messages_lisp[0m
[  0%] Built target geometry_msgs_generate_messages_lisp
[35m[1mScanning dependencies of target geometry_msgs_generate_messages_cpp[0m
[  0%] Built target geometry_msgs_generate_messages_cpp
[35m[1mScanning dependencies of target geometry_msgs_generate_messages_nodejs[0m
[  0%] Built target geometry_msgs_generate_messages_nodejs
[35m[1mScanning dependencies of target natnet_msgs_generate_messages_eus[0m
[ 14%] [34m[1mGenerating EusLisp code from natnet_msgs/MarkerList.msg[0m
[35m[1mScanning dependencies of target natnet_msgs_generate_messages_py[0m
[ 28%] [34m[1mGenerating Python from MSG natnet_msgs/MarkerList[0m
[ 42%] [34m[1mGenerating EusLisp manifest code for natnet_msgs[0m
[ 57%] [34m[1mGenerating Python msg __init__.py for natnet_msgs[0m
[ 57%] Built target natnet_msgs_generate_messages_py
[ 57%] Built target natnet_msgs_generate_messages_eus
[35m[1mScanning dependencies of target natnet_msgs_generate_messages_lisp[0m
[ 71%] [34m[1mGenerating Lisp code from natnet_msgs/MarkerList.msg[0m
[ 71%] Built target natnet_msgs_generate_messages_lisp
[35m[1mScanning dependencies of target natnet_msgs_generate_messages_cpp[0m
[ 85%] [34m[1mGenerating C++ code from natnet_msgs/MarkerList.msg[0m
[ 85%] Built target natnet_msgs_generate_messages_cpp
[35m[1mScanning dependencies of target natnet_msgs_generate_messages_nodejs[0m
[100%] [34m[1mGenerating Javascript code from natnet_msgs/MarkerList.msg[0m
[100%] Built target natnet_msgs_generate_messages_nodejs
[35m[1mScanning dependencies of target natnet_msgs_generate_messages[0m
[100%] Built target natnet_msgs_generate_messages
