Determining if the pthread_create exist failed with the following output:
Change Dir: /home/minidrone/repos/optiTrackDrone/mav-ws/build/iq_gnc/CMakeFiles/CMakeTmp

Run Build Command:"/usr/bin/make" "cmTC_2a90b/fast"
/usr/bin/make -f CMakeFiles/cmTC_2a90b.dir/build.make CMakeFiles/cmTC_2a90b.dir/build
make[1]: Entering directory '/home/minidrone/repos/optiTrackDrone/mav-ws/build/iq_gnc/CMakeFiles/CMakeTmp'
Building C object CMakeFiles/cmTC_2a90b.dir/CheckSymbolExists.c.o
/usr/bin/cc    -o CMakeFiles/cmTC_2a90b.dir/CheckSymbolExists.c.o   -c /home/minidrone/repos/optiTrackDrone/mav-ws/build/iq_gnc/CMakeFiles/CMakeTmp/CheckSymbolExists.c
Linking C executable cmTC_2a90b
/usr/bin/cmake -E cmake_link_script CMakeFiles/cmTC_2a90b.dir/link.txt --verbose=1
/usr/bin/cc      -rdynamic CMakeFiles/cmTC_2a90b.dir/CheckSymbolExists.c.o  -o cmTC_2a90b 
CMakeFiles/cmTC_2a90b.dir/CheckSymbolExists.c.o: In function `main':
CheckSymbolExists.c:(.text+0x14): undefined reference to `pthread_create'
CheckSymbolExists.c:(.text+0x18): undefined reference to `pthread_create'
collect2: error: ld returned 1 exit status
CMakeFiles/cmTC_2a90b.dir/build.make:97: recipe for target 'cmTC_2a90b' failed
make[1]: *** [cmTC_2a90b] Error 1
make[1]: Leaving directory '/home/minidrone/repos/optiTrackDrone/mav-ws/build/iq_gnc/CMakeFiles/CMakeTmp'
Makefile:126: recipe for target 'cmTC_2a90b/fast' failed
make: *** [cmTC_2a90b/fast] Error 2

File /home/minidrone/repos/optiTrackDrone/mav-ws/build/iq_gnc/CMakeFiles/CMakeTmp/CheckSymbolExists.c:
/* */
#include <pthread.h>

int main(int argc, char** argv)
{
  (void)argv;
#ifndef pthread_create
  return ((int*)(&pthread_create))[argc];
#else
  (void)argc;
  return 0;
#endif
}

Determining if the function pthread_create exists in the pthreads failed with the following output:
Change Dir: /home/minidrone/repos/optiTrackDrone/mav-ws/build/iq_gnc/CMakeFiles/CMakeTmp

Run Build Command:"/usr/bin/make" "cmTC_42cde/fast"
/usr/bin/make -f CMakeFiles/cmTC_42cde.dir/build.make CMakeFiles/cmTC_42cde.dir/build
make[1]: Entering directory '/home/minidrone/repos/optiTrackDrone/mav-ws/build/iq_gnc/CMakeFiles/CMakeTmp'
Building C object CMakeFiles/cmTC_42cde.dir/CheckFunctionExists.c.o
/usr/bin/cc   -DCHECK_FUNCTION_EXISTS=pthread_create   -o CMakeFiles/cmTC_42cde.dir/CheckFunctionExists.c.o   -c /usr/share/cmake-3.10/Modules/CheckFunctionExists.c
Linking C executable cmTC_42cde
/usr/bin/cmake -E cmake_link_script CMakeFiles/cmTC_42cde.dir/link.txt --verbose=1
/usr/bin/cc  -DCHECK_FUNCTION_EXISTS=pthread_create    -rdynamic CMakeFiles/cmTC_42cde.dir/CheckFunctionExists.c.o  -o cmTC_42cde -lpthreads 
/usr/bin/ld: cannot find -lpthreads
collect2: error: ld returned 1 exit status
CMakeFiles/cmTC_42cde.dir/build.make:97: recipe for target 'cmTC_42cde' failed
make[1]: *** [cmTC_42cde] Error 1
make[1]: Leaving directory '/home/minidrone/repos/optiTrackDrone/mav-ws/build/iq_gnc/CMakeFiles/CMakeTmp'
Makefile:126: recipe for target 'cmTC_42cde/fast' failed
make: *** [cmTC_42cde/fast] Error 2


