Determining if the pthread_create exist failed with the following output:
Change Dir: /home/minidrone/catkin_ws/build/libmavconn/CMakeFiles/CMakeTmp

Run Build Command:"/usr/bin/make" "cmTC_1bf25/fast"
/usr/bin/make -f CMakeFiles/cmTC_1bf25.dir/build.make CMakeFiles/cmTC_1bf25.dir/build
make[1]: Entering directory '/home/minidrone/catkin_ws/build/libmavconn/CMakeFiles/CMakeTmp'
Building C object CMakeFiles/cmTC_1bf25.dir/CheckSymbolExists.c.o
/usr/bin/cc    -o CMakeFiles/cmTC_1bf25.dir/CheckSymbolExists.c.o   -c /home/minidrone/catkin_ws/build/libmavconn/CMakeFiles/CMakeTmp/CheckSymbolExists.c
Linking C executable cmTC_1bf25
/usr/bin/cmake -E cmake_link_script CMakeFiles/cmTC_1bf25.dir/link.txt --verbose=1
/usr/bin/cc      -rdynamic CMakeFiles/cmTC_1bf25.dir/CheckSymbolExists.c.o  -o cmTC_1bf25 
CMakeFiles/cmTC_1bf25.dir/CheckSymbolExists.c.o: In function `main':
CheckSymbolExists.c:(.text+0x14): undefined reference to `pthread_create'
CheckSymbolExists.c:(.text+0x18): undefined reference to `pthread_create'
collect2: error: ld returned 1 exit status
CMakeFiles/cmTC_1bf25.dir/build.make:97: recipe for target 'cmTC_1bf25' failed
make[1]: *** [cmTC_1bf25] Error 1
make[1]: Leaving directory '/home/minidrone/catkin_ws/build/libmavconn/CMakeFiles/CMakeTmp'
Makefile:126: recipe for target 'cmTC_1bf25/fast' failed
make: *** [cmTC_1bf25/fast] Error 2

File /home/minidrone/catkin_ws/build/libmavconn/CMakeFiles/CMakeTmp/CheckSymbolExists.c:
/* */
#include <pthread.h>

int main(int argc, char** argv)
{
  (void)argv;
#ifndef pthread_create
  return ((int*)(&pthread_create))[argc];
#else
  (void)argc;
  return 0;
#endif
}

Determining if the function pthread_create exists in the pthreads failed with the following output:
Change Dir: /home/minidrone/catkin_ws/build/libmavconn/CMakeFiles/CMakeTmp

Run Build Command:"/usr/bin/make" "cmTC_71fce/fast"
/usr/bin/make -f CMakeFiles/cmTC_71fce.dir/build.make CMakeFiles/cmTC_71fce.dir/build
make[1]: Entering directory '/home/minidrone/catkin_ws/build/libmavconn/CMakeFiles/CMakeTmp'
Building C object CMakeFiles/cmTC_71fce.dir/CheckFunctionExists.c.o
/usr/bin/cc   -DCHECK_FUNCTION_EXISTS=pthread_create   -o CMakeFiles/cmTC_71fce.dir/CheckFunctionExists.c.o   -c /usr/share/cmake-3.10/Modules/CheckFunctionExists.c
Linking C executable cmTC_71fce
/usr/bin/cmake -E cmake_link_script CMakeFiles/cmTC_71fce.dir/link.txt --verbose=1
/usr/bin/cc  -DCHECK_FUNCTION_EXISTS=pthread_create    -rdynamic CMakeFiles/cmTC_71fce.dir/CheckFunctionExists.c.o  -o cmTC_71fce -lpthreads 
/usr/bin/ld: cannot find -lpthreads
collect2: error: ld returned 1 exit status
CMakeFiles/cmTC_71fce.dir/build.make:97: recipe for target 'cmTC_71fce' failed
make[1]: *** [cmTC_71fce] Error 1
make[1]: Leaving directory '/home/minidrone/catkin_ws/build/libmavconn/CMakeFiles/CMakeTmp'
Makefile:126: recipe for target 'cmTC_71fce/fast' failed
make: *** [cmTC_71fce/fast] Error 2


