[35m[1mScanning dependencies of target takeoff_test[0m
[35m[1mScanning dependencies of target std_msgs_generate_messages_py[0m
[35m[1mScanning dependencies of target std_msgs_generate_messages_cpp[0m
[  0%] Built target std_msgs_generate_messages_py
[ 33%] [32mBuilding CXX object CMakeFiles/takeoff_test.dir/src/takeoff_test.cpp.o[0m
[ 33%] Built target std_msgs_generate_messages_cpp
[35m[1mScanning dependencies of target std_msgs_generate_messages_nodejs[0m
[35m[1mScanning dependencies of target std_msgs_generate_messages_lisp[0m
[ 33%] Built target std_msgs_generate_messages_nodejs
[ 33%] Built target std_msgs_generate_messages_lisp
[35m[1mScanning dependencies of target std_msgs_generate_messages_eus[0m
[35m[1mScanning dependencies of target capstone_481_generate_messages_cpp[0m
[ 33%] Built target std_msgs_generate_messages_eus
[ 33%] Built target capstone_481_generate_messages_cpp
[35m[1mScanning dependencies of target capstone_481_generate_messages_py[0m
[35m[1mScanning dependencies of target capstone_481_generate_messages_nodejs[0m
[ 33%] Built target capstone_481_generate_messages_py
[ 33%] Built target capstone_481_generate_messages_nodejs
[35m[1mScanning dependencies of target capstone_481_generate_messages_lisp[0m
[35m[1mScanning dependencies of target capstone_481_generate_messages_eus[0m
[ 33%] Built target capstone_481_generate_messages_lisp
[ 66%] [34m[1mGenerating EusLisp manifest code for capstone_481[0m
[ 66%] Built target capstone_481_generate_messages_eus
[35m[1mScanning dependencies of target capstone_481_generate_messages[0m
[ 66%] Built target capstone_481_generate_messages
[100%] [32m[1mLinking CXX executable /home/minidrone/catkin_ws/devel/.private/capstone_481/lib/capstone_481/takeoff_test[0m
[100%] Built target takeoff_test
