[36m--[0m Using CATKIN_DEVEL_PREFIX: /home/minidrone/catkin_ws/devel/.private/capstone_481
[36m--[0m Using CMAKE_PREFIX_PATH: /home/minidrone/catkin_ws/devel;/opt/ros/melodic
[36m--[0m This workspace overlays: /home/minidrone/catkin_ws/devel;/opt/ros/melodic
[36m--[0m Found PythonInterp: /usr/bin/python2 (found suitable version "2.7.17", minimum required is "2")
[36m--[0m Using PYTHON_EXECUTABLE: /usr/bin/python2
[36m--[0m Using Debian Python package layout
[36m--[0m Using empy: /usr/bin/empy
[36m--[0m Using CATKIN_ENABLE_TESTING: ON
[36m--[0m Call enable_testing()
[36m--[0m Using CATKIN_TEST_RESULTS_DIR: /home/minidrone/catkin_ws/build/capstone_481/test_results
[36m--[0m Found gtest sources under '/usr/src/googletest': gtests will be built
[36m--[0m Found gmock sources under '/usr/src/googletest': gmock will be built
[36m--[0m Found PythonInterp: /usr/bin/python2 (found version "2.7.17")
[36m--[0m Using Python nosetests: /usr/bin/nosetests-2.7
[36m--[0m catkin 0.7.28
[36m--[0m BUILD_SHARED_LIBS is on
[36m--[0m Configuring done
[31m[1mCMake Error[0m at /home/minidrone/catkin_ws/src/capstone_481/CMakeLists.txt:136 (add_executable):
  Cannot find source file:

    src/capstone_481/takeoff_test.cpp

  Tried extensions .c .C .c++ .cc .cpp .cxx .m .M .mm .h .hh .h++ .hm .hpp
  .hxx .in .txx


CMake Error: CMake can not determine linker language for target: capstone_481
CMake Error: Cannot determine link language for target "capstone_481".
[36m--[0m Generating done
[36m--[0m Build files have been written to: /home/minidrone/catkin_ws/build/capstone_481
Makefile:530: recipe for target 'cmake_check_build_system' failed
make: *** [cmake_check_build_system] Error 1
