Determining if the pthread_create exist failed with the following output:
Change Dir: /home/minidrone/repos/optiTrackDrone/mav-ws/build/natnet_msgs/CMakeFiles/CMakeTmp

Run Build Command:"/usr/bin/make" "cmTC_7685a/fast"
/usr/bin/make -f CMakeFiles/cmTC_7685a.dir/build.make CMakeFiles/cmTC_7685a.dir/build
make[1]: Entering directory '/home/minidrone/repos/optiTrackDrone/mav-ws/build/natnet_msgs/CMakeFiles/CMakeTmp'
Building C object CMakeFiles/cmTC_7685a.dir/CheckSymbolExists.c.o
/usr/bin/cc    -o CMakeFiles/cmTC_7685a.dir/CheckSymbolExists.c.o   -c /home/minidrone/repos/optiTrackDrone/mav-ws/build/natnet_msgs/CMakeFiles/CMakeTmp/CheckSymbolExists.c
Linking C executable cmTC_7685a
/usr/bin/cmake -E cmake_link_script CMakeFiles/cmTC_7685a.dir/link.txt --verbose=1
/usr/bin/cc      -rdynamic CMakeFiles/cmTC_7685a.dir/CheckSymbolExists.c.o  -o cmTC_7685a 
CMakeFiles/cmTC_7685a.dir/CheckSymbolExists.c.o: In function `main':
CheckSymbolExists.c:(.text+0x14): undefined reference to `pthread_create'
CheckSymbolExists.c:(.text+0x18): undefined reference to `pthread_create'
collect2: error: ld returned 1 exit status
CMakeFiles/cmTC_7685a.dir/build.make:97: recipe for target 'cmTC_7685a' failed
make[1]: *** [cmTC_7685a] Error 1
make[1]: Leaving directory '/home/minidrone/repos/optiTrackDrone/mav-ws/build/natnet_msgs/CMakeFiles/CMakeTmp'
Makefile:126: recipe for target 'cmTC_7685a/fast' failed
make: *** [cmTC_7685a/fast] Error 2

File /home/minidrone/repos/optiTrackDrone/mav-ws/build/natnet_msgs/CMakeFiles/CMakeTmp/CheckSymbolExists.c:
/* */
#include <pthread.h>

int main(int argc, char** argv)
{
  (void)argv;
#ifndef pthread_create
  return ((int*)(&pthread_create))[argc];
#else
  (void)argc;
  return 0;
#endif
}

Determining if the function pthread_create exists in the pthreads failed with the following output:
Change Dir: /home/minidrone/repos/optiTrackDrone/mav-ws/build/natnet_msgs/CMakeFiles/CMakeTmp

Run Build Command:"/usr/bin/make" "cmTC_03510/fast"
/usr/bin/make -f CMakeFiles/cmTC_03510.dir/build.make CMakeFiles/cmTC_03510.dir/build
make[1]: Entering directory '/home/minidrone/repos/optiTrackDrone/mav-ws/build/natnet_msgs/CMakeFiles/CMakeTmp'
Building C object CMakeFiles/cmTC_03510.dir/CheckFunctionExists.c.o
/usr/bin/cc   -DCHECK_FUNCTION_EXISTS=pthread_create   -o CMakeFiles/cmTC_03510.dir/CheckFunctionExists.c.o   -c /usr/share/cmake-3.10/Modules/CheckFunctionExists.c
Linking C executable cmTC_03510
/usr/bin/cmake -E cmake_link_script CMakeFiles/cmTC_03510.dir/link.txt --verbose=1
/usr/bin/cc  -DCHECK_FUNCTION_EXISTS=pthread_create    -rdynamic CMakeFiles/cmTC_03510.dir/CheckFunctionExists.c.o  -o cmTC_03510 -lpthreads 
/usr/bin/ld: cannot find -lpthreads
collect2: error: ld returned 1 exit status
CMakeFiles/cmTC_03510.dir/build.make:97: recipe for target 'cmTC_03510' failed
make[1]: *** [cmTC_03510] Error 1
make[1]: Leaving directory '/home/minidrone/repos/optiTrackDrone/mav-ws/build/natnet_msgs/CMakeFiles/CMakeTmp'
Makefile:126: recipe for target 'cmTC_03510/fast' failed
make: *** [cmTC_03510/fast] Error 2


