Determining if the pthread_create exist failed with the following output:
Change Dir: /home/minidrone/repos/optiTrackDrone/mav-ws/build/libmavconn/CMakeFiles/CMakeTmp

Run Build Command:"/usr/bin/make" "cmTC_13403/fast"
/usr/bin/make -f CMakeFiles/cmTC_13403.dir/build.make CMakeFiles/cmTC_13403.dir/build
make[1]: Entering directory '/home/minidrone/repos/optiTrackDrone/mav-ws/build/libmavconn/CMakeFiles/CMakeTmp'
Building C object CMakeFiles/cmTC_13403.dir/CheckSymbolExists.c.o
/usr/bin/cc    -o CMakeFiles/cmTC_13403.dir/CheckSymbolExists.c.o   -c /home/minidrone/repos/optiTrackDrone/mav-ws/build/libmavconn/CMakeFiles/CMakeTmp/CheckSymbolExists.c
Linking C executable cmTC_13403
/usr/bin/cmake -E cmake_link_script CMakeFiles/cmTC_13403.dir/link.txt --verbose=1
/usr/bin/cc      -rdynamic CMakeFiles/cmTC_13403.dir/CheckSymbolExists.c.o  -o cmTC_13403 
CMakeFiles/cmTC_13403.dir/CheckSymbolExists.c.o: In function `main':
CheckSymbolExists.c:(.text+0x14): undefined reference to `pthread_create'
CheckSymbolExists.c:(.text+0x18): undefined reference to `pthread_create'
collect2: error: ld returned 1 exit status
CMakeFiles/cmTC_13403.dir/build.make:97: recipe for target 'cmTC_13403' failed
make[1]: *** [cmTC_13403] Error 1
make[1]: Leaving directory '/home/minidrone/repos/optiTrackDrone/mav-ws/build/libmavconn/CMakeFiles/CMakeTmp'
Makefile:126: recipe for target 'cmTC_13403/fast' failed
make: *** [cmTC_13403/fast] Error 2

File /home/minidrone/repos/optiTrackDrone/mav-ws/build/libmavconn/CMakeFiles/CMakeTmp/CheckSymbolExists.c:
/* */
#include <pthread.h>

int main(int argc, char** argv)
{
  (void)argv;
#ifndef pthread_create
  return ((int*)(&pthread_create))[argc];
#else
  (void)argc;
  return 0;
#endif
}

Determining if the function pthread_create exists in the pthreads failed with the following output:
Change Dir: /home/minidrone/repos/optiTrackDrone/mav-ws/build/libmavconn/CMakeFiles/CMakeTmp

Run Build Command:"/usr/bin/make" "cmTC_2d4d4/fast"
/usr/bin/make -f CMakeFiles/cmTC_2d4d4.dir/build.make CMakeFiles/cmTC_2d4d4.dir/build
make[1]: Entering directory '/home/minidrone/repos/optiTrackDrone/mav-ws/build/libmavconn/CMakeFiles/CMakeTmp'
Building C object CMakeFiles/cmTC_2d4d4.dir/CheckFunctionExists.c.o
/usr/bin/cc   -DCHECK_FUNCTION_EXISTS=pthread_create   -o CMakeFiles/cmTC_2d4d4.dir/CheckFunctionExists.c.o   -c /usr/share/cmake-3.10/Modules/CheckFunctionExists.c
Linking C executable cmTC_2d4d4
/usr/bin/cmake -E cmake_link_script CMakeFiles/cmTC_2d4d4.dir/link.txt --verbose=1
/usr/bin/cc  -DCHECK_FUNCTION_EXISTS=pthread_create    -rdynamic CMakeFiles/cmTC_2d4d4.dir/CheckFunctionExists.c.o  -o cmTC_2d4d4 -lpthreads 
/usr/bin/ld: cannot find -lpthreads
collect2: error: ld returned 1 exit status
CMakeFiles/cmTC_2d4d4.dir/build.make:97: recipe for target 'cmTC_2d4d4' failed
make[1]: *** [cmTC_2d4d4] Error 1
make[1]: Leaving directory '/home/minidrone/repos/optiTrackDrone/mav-ws/build/libmavconn/CMakeFiles/CMakeTmp'
Makefile:126: recipe for target 'cmTC_2d4d4/fast' failed
make: *** [cmTC_2d4d4/fast] Error 2


